ETHON: Libcurl initialized
ETHON: Libcurl initialized
ETHON: started MULTI
ETHON:         performed EASY effective_url=http://datastore-stg.lb-service.sunrise.intra.local.ch/v2/feedbacks response_code=200 return_code=ok total_time=0.091926
ETHON: Libcurl initialized
ETHON: started MULTI
ETHON:         performed EASY effective_url=http://datastore-stg.lb-service.sunrise.intra.local.ch/v2/feedbacks response_code=200 return_code=ok total_time=0.065616
ETHON: performed MULTI
ETHON: Libcurl initialized
ETHON: started MULTI
ETHON:         performed EASY effective_url=http://datastore-stg.lb-service.sunrise.intra.local.ch/v2/feedbacks response_code=200 return_code=ok total_time=0.550854
ETHON: started MULTI
ETHON:         performed EASY effective_url=http://datastore-stg.lb-service.sunrise.intra.local.ch/v2/feedbacks response_code=200 return_code=ok total_time=0.05545
ETHON: started MULTI
ETHON:         performed EASY effective_url=http://datastore-stg.lb-service.sunrise.intra.local.ch/v2/feedbacks response_code=200 return_code=ok total_time=0.075967
ETHON: Libcurl initialized
ETHON: started MULTI
ETHON:         performed EASY effective_url=http://datastore-stg.lb-service.sunrise.intra.local.ch/v2/feedbacks response_code=200 return_code=ok total_time=0.084027
ETHON: performed MULTI
ETHON: Libcurl initialized
ETHON: started MULTI
ETHON:         performed EASY effective_url=http://datastore-stg.lb-service.sunrise.intra.local.ch/v2/feedbacks response_code=200 return_code=ok total_time=0.064691
ETHON: performed MULTI
ETHON: Libcurl initialized
ETHON: started MULTI
ETHON:         performed EASY effective_url=http://datastore-stg.lb-service.sunrise.intra.local.ch/v2/feedbacks response_code=200 return_code=ok total_time=0.066847
ETHON: performed MULTI
ETHON: Libcurl initialized
ETHON: started MULTI
ETHON:         performed EASY effective_url=http://datastore-stg.lb-service.sunrise.intra.local.ch/v2/feedbacks response_code=200 return_code=ok total_time=0.065622
ETHON: performed MULTI
ETHON: started MULTI
ETHON:         performed EASY effective_url=http://datastore-stg.lb-service.sunrise.intra.local.ch/v2/feedbacks response_code=200 return_code=ok total_time=0.066924
ETHON: performed MULTI
ETHON: Libcurl initialized
ETHON: started MULTI
ETHON:         performed EASY effective_url=http://datastore-stg.lb-service.sunrise.intra.local.ch/v2/feedbacks response_code=200 return_code=ok total_time=0.065171
ETHON: performed MULTI
ETHON: Libcurl initialized
ETHON: started MULTI
ETHON:         performed EASY effective_url=http://datastore-stg.lb-service.sunrise.intra.local.ch/v2/feedbacks?has_reviews=true response_code=200 return_code=ok total_time=0.065485
ETHON: performed MULTI
ETHON: started MULTI
ETHON:         performed EASY effective_url=http://datastore-stg.lb-service.sunrise.intra.local.ch/v2/content-ads/1234567/feedbacks response_code=500 return_code=ok total_time=0.043635
ETHON: performed MULTI
ETHON: Libcurl initialized
ETHON: started MULTI
ETHON:         performed EASY effective_url=http://datastore-stg.lb-service.sunrise.intra.local.ch/v2/feedbacks?has_reviews=true response_code=200 return_code=ok total_time=0.065562
ETHON: performed MULTI
ETHON: started MULTI
ETHON:         performed EASY effective_url=http://datastore-stg.lb-service.sunrise.intra.local.ch/v2/feedbacks?has_reviews=true response_code=200 return_code=ok total_time=0.075047
ETHON: performed MULTI
ETHON: started MULTI
ETHON:         performed EASY effective_url=http://datastore-stg.lb-service.sunrise.intra.local.ch/v2/feedbacks?has_reviews=true response_code=200 return_code=ok total_time=0.077187
ETHON: performed MULTI
ETHON: started MULTI
ETHON:         performed EASY effective_url=http://datastore-stg.lb-service.sunrise.intra.local.ch/v2/feedbacks?has_reviews=true response_code=200 return_code=ok total_time=0.0679
ETHON: performed MULTI
ETHON: Libcurl initialized
ETHON: started MULTI
ETHON:         performed EASY effective_url=http://datastore-stg.lb-service.sunrise.intra.local.ch/v2/feedbacks?has_reviews=true response_code=200 return_code=ok total_time=0.072337
ETHON: performed MULTI
ETHON: started MULTI
ETHON:         performed EASY effective_url=http://datastore-stg.lb-service.sunrise.intra.local.ch/v2/content-ads/12345/feedbacks response_code=500 return_code=ok total_time=0.034034
ETHON: performed MULTI
ETHON: Libcurl initialized
ETHON: started MULTI
ETHON:         performed EASY effective_url=http://datastore-stg.lb-service.sunrise.intra.local.ch/v2/feedbacks response_code=200 return_code=ok total_time=0.6317539999999999
ETHON: performed MULTI
ETHON: started MULTI
ETHON:         performed EASY effective_url=http://datastore-stg.lb-service.sunrise.intra.local.ch/v2/feedbacks?has_reviews=true response_code=200 return_code=ok total_time=0.098564
ETHON: performed MULTI
ETHON: started MULTI
ETHON:         performed EASY effective_url=http://datastore-stg.lb-service.sunrise.intra.local.ch/v2/feedbacks?has_reviews=true response_code=200 return_code=ok total_time=0.099345
ETHON: performed MULTI
ETHON: Libcurl initialized
ETHON: started MULTI
ETHON:         performed EASY effective_url=http://datastore-stg.lb-service.sunrise.intra.local.ch/v2/feedbacks?has_reviews=true response_code=200 return_code=ok total_time=0.677432
ETHON: performed MULTI
ETHON: started MULTI
ETHON:         performed EASY effective_url=http://datastore-stg.lb-service.sunrise.intra.local.ch/v2/content-ads/51dfc5690cf271c375c5a12d response_code=200 return_code=ok total_time=0.45688
ETHON: performed MULTI
ETHON: started MULTI
ETHON:         performed EASY effective_url=http://datastore-stg.lb-service.sunrise.intra.local.ch/v2/feedbacks?has_reviews=true response_code=200 return_code=ok total_time=0.095393
ETHON: performed MULTI
ETHON: started MULTI
ETHON:         performed EASY effective_url=http://datastore-stg.lb-service.sunrise.intra.local.ch/v2/feedbacks?has_reviews=true response_code=200 return_code=ok total_time=0.076659
ETHON: performed MULTI
